  OpenGLCourseApp.cpp
D:\OpenGLCourse\OpenGLCourseApp\OpenGLCourseApp\OpenGLCourseApp.cpp(457,49): warning C4244: 'argument': conversion from 'GLdouble' to 'GLfloat', possible loss of data
  Shader.cpp
D:\OpenGLCourse\OpenGLCourseApp\OpenGLCourseApp\Shader.cpp(172,66): warning C4267: 'argument': conversion from 'size_t' to 'GLenum', possible loss of data
D:\OpenGLCourse\OpenGLCourseApp\OpenGLCourseApp\Shader.cpp(173,77): warning C4267: 'argument': conversion from 'size_t' to 'GLint', possible loss of data
D:\OpenGLCourse\OpenGLCourseApp\OpenGLCourseApp\Shader.cpp(191,66): warning C4267: 'argument': conversion from 'size_t' to 'GLenum', possible loss of data
D:\OpenGLCourse\OpenGLCourseApp\OpenGLCourseApp\Shader.cpp(192,77): warning C4267: 'argument': conversion from 'size_t' to 'GLint', possible loss of data
D:\OpenGLCourse\OpenGLCourseApp\OpenGLCourseApp\Shader.cpp(240,27): warning C4267: '=': conversion from 'size_t' to 'GLint', possible loss of data
D:\OpenGLCourse\OpenGLCourseApp\OpenGLCourseApp\Shader.cpp(297,44): warning C4477: 'snprintf' : format string '%d' requires an argument of type 'int', but variadic argument 1 has type 'size_t'
D:\OpenGLCourse\OpenGLCourseApp\OpenGLCourseApp\Shader.cpp(297,44): message : consider using '%zd' in the format string
D:\OpenGLCourse\OpenGLCourseApp\OpenGLCourseApp\Shader.cpp(300,44): warning C4477: 'snprintf' : format string '%d' requires an argument of type 'int', but variadic argument 1 has type 'size_t'
D:\OpenGLCourse\OpenGLCourseApp\OpenGLCourseApp\Shader.cpp(300,44): message : consider using '%zd' in the format string
D:\OpenGLCourse\OpenGLCourseApp\OpenGLCourseApp\Shader.cpp(303,44): warning C4477: 'snprintf' : format string '%d' requires an argument of type 'int', but variadic argument 1 has type 'size_t'
D:\OpenGLCourse\OpenGLCourseApp\OpenGLCourseApp\Shader.cpp(303,44): message : consider using '%zd' in the format string
D:\OpenGLCourse\OpenGLCourseApp\OpenGLCourseApp\Shader.cpp(306,44): warning C4477: 'snprintf' : format string '%d' requires an argument of type 'int', but variadic argument 1 has type 'size_t'
D:\OpenGLCourse\OpenGLCourseApp\OpenGLCourseApp\Shader.cpp(306,44): message : consider using '%zd' in the format string
D:\OpenGLCourse\OpenGLCourseApp\OpenGLCourseApp\Shader.cpp(309,44): warning C4477: 'snprintf' : format string '%d' requires an argument of type 'int', but variadic argument 1 has type 'size_t'
D:\OpenGLCourse\OpenGLCourseApp\OpenGLCourseApp\Shader.cpp(309,44): message : consider using '%zd' in the format string
D:\OpenGLCourse\OpenGLCourseApp\OpenGLCourseApp\Shader.cpp(312,44): warning C4477: 'snprintf' : format string '%d' requires an argument of type 'int', but variadic argument 1 has type 'size_t'
D:\OpenGLCourse\OpenGLCourseApp\OpenGLCourseApp\Shader.cpp(312,44): message : consider using '%zd' in the format string
D:\OpenGLCourse\OpenGLCourseApp\OpenGLCourseApp\Shader.cpp(315,44): warning C4477: 'snprintf' : format string '%d' requires an argument of type 'int', but variadic argument 1 has type 'size_t'
D:\OpenGLCourse\OpenGLCourseApp\OpenGLCourseApp\Shader.cpp(315,44): message : consider using '%zd' in the format string
D:\OpenGLCourse\OpenGLCourseApp\OpenGLCourseApp\Shader.cpp(324,44): warning C4477: 'snprintf' : format string '%d' requires an argument of type 'int', but variadic argument 1 has type 'size_t'
D:\OpenGLCourse\OpenGLCourseApp\OpenGLCourseApp\Shader.cpp(324,44): message : consider using '%zd' in the format string
D:\OpenGLCourse\OpenGLCourseApp\OpenGLCourseApp\Shader.cpp(327,44): warning C4477: 'snprintf' : format string '%d' requires an argument of type 'int', but variadic argument 1 has type 'size_t'
D:\OpenGLCourse\OpenGLCourseApp\OpenGLCourseApp\Shader.cpp(327,44): message : consider using '%zd' in the format string
D:\OpenGLCourse\OpenGLCourseApp\OpenGLCourseApp\Shader.cpp(330,44): warning C4477: 'snprintf' : format string '%d' requires an argument of type 'int', but variadic argument 1 has type 'size_t'
D:\OpenGLCourse\OpenGLCourseApp\OpenGLCourseApp\Shader.cpp(330,44): message : consider using '%zd' in the format string
D:\OpenGLCourse\OpenGLCourseApp\OpenGLCourseApp\Shader.cpp(333,44): warning C4477: 'snprintf' : format string '%d' requires an argument of type 'int', but variadic argument 1 has type 'size_t'
D:\OpenGLCourse\OpenGLCourseApp\OpenGLCourseApp\Shader.cpp(333,44): message : consider using '%zd' in the format string
D:\OpenGLCourse\OpenGLCourseApp\OpenGLCourseApp\Shader.cpp(336,44): warning C4477: 'snprintf' : format string '%d' requires an argument of type 'int', but variadic argument 1 has type 'size_t'
D:\OpenGLCourse\OpenGLCourseApp\OpenGLCourseApp\Shader.cpp(336,44): message : consider using '%zd' in the format string
D:\OpenGLCourse\OpenGLCourseApp\OpenGLCourseApp\Shader.cpp(339,44): warning C4477: 'snprintf' : format string '%d' requires an argument of type 'int', but variadic argument 1 has type 'size_t'
D:\OpenGLCourse\OpenGLCourseApp\OpenGLCourseApp\Shader.cpp(339,44): message : consider using '%zd' in the format string
D:\OpenGLCourse\OpenGLCourseApp\OpenGLCourseApp\Shader.cpp(342,44): warning C4477: 'snprintf' : format string '%d' requires an argument of type 'int', but variadic argument 1 has type 'size_t'
D:\OpenGLCourse\OpenGLCourseApp\OpenGLCourseApp\Shader.cpp(342,44): message : consider using '%zd' in the format string
D:\OpenGLCourse\OpenGLCourseApp\OpenGLCourseApp\Shader.cpp(345,44): warning C4477: 'snprintf' : format string '%d' requires an argument of type 'int', but variadic argument 1 has type 'size_t'
D:\OpenGLCourse\OpenGLCourseApp\OpenGLCourseApp\Shader.cpp(345,44): message : consider using '%zd' in the format string
D:\OpenGLCourse\OpenGLCourseApp\OpenGLCourseApp\Shader.cpp(348,44): warning C4477: 'snprintf' : format string '%d' requires an argument of type 'int', but variadic argument 1 has type 'size_t'
D:\OpenGLCourse\OpenGLCourseApp\OpenGLCourseApp\Shader.cpp(348,44): message : consider using '%zd' in the format string
D:\OpenGLCourse\OpenGLCourseApp\OpenGLCourseApp\Shader.cpp(362,44): warning C4477: 'snprintf' : format string '%d' requires an argument of type 'int', but variadic argument 1 has type 'size_t'
D:\OpenGLCourse\OpenGLCourseApp\OpenGLCourseApp\Shader.cpp(362,44): message : consider using '%zd' in the format string
D:\OpenGLCourse\OpenGLCourseApp\OpenGLCourseApp\Shader.cpp(369,44): warning C4477: 'snprintf' : format string '%d' requires an argument of type 'int', but variadic argument 1 has type 'size_t'
D:\OpenGLCourse\OpenGLCourseApp\OpenGLCourseApp\Shader.cpp(369,44): message : consider using '%zd' in the format string
D:\OpenGLCourse\OpenGLCourseApp\OpenGLCourseApp\Shader.cpp(371,44): warning C4477: 'snprintf' : format string '%d' requires an argument of type 'int', but variadic argument 1 has type 'size_t'
D:\OpenGLCourse\OpenGLCourseApp\OpenGLCourseApp\Shader.cpp(371,44): message : consider using '%zd' in the format string
  SpotLight.cpp
  Generating Code...
LINK : warning LNK4098: defaultlib 'MSVCRT' conflicts with use of other libs; use /NODEFAULTLIB:library
  OpenGLCourseApp.vcxproj -> D:\OpenGLCourse\OpenGLCourseApp\x64\Debug\OpenGLCourseApp.exe
