d:\openglcourse\openglcourseapp\openglcourseapp\x64\debug\vc143.pdb
d:\openglcourse\openglcourseapp\openglcourseapp\x64\debug\vc143.idb
d:\openglcourse\openglcourseapp\openglcourseapp\x64\debug\window.obj
d:\openglcourse\openglcourseapp\openglcourseapp\x64\debug\texture.obj
d:\openglcourse\openglcourseapp\openglcourseapp\x64\debug\spotlight.obj
d:\openglcourse\openglcourseapp\openglcourseapp\x64\debug\shader.obj
d:\openglcourse\openglcourseapp\openglcourseapp\x64\debug\pointlight.obj
d:\openglcourse\openglcourseapp\openglcourseapp\x64\debug\openglcourseapp.obj
d:\openglcourse\openglcourseapp\openglcourseapp\x64\debug\model.obj
d:\openglcourse\openglcourseapp\openglcourseapp\x64\debug\mesh.obj
d:\openglcourse\openglcourseapp\openglcourseapp\x64\debug\material.obj
d:\openglcourse\openglcourseapp\openglcourseapp\x64\debug\light.obj
d:\openglcourse\openglcourseapp\openglcourseapp\x64\debug\directionallight.obj
d:\openglcourse\openglcourseapp\openglcourseapp\x64\debug\camera.obj
d:\openglcourse\openglcourseapp\openglcourseapp\x64\debug\openglcourseapp.ilk
d:\openglcourse\openglcourseapp\x64\debug\openglcourseapp.exe
d:\openglcourse\openglcourseapp\x64\debug\openglcourseapp.pdb
d:\openglcourse\openglcourseapp\openglcourseapp\x64\debug\openglcourseapp.tlog\cl.command.1.tlog
d:\openglcourse\openglcourseapp\openglcourseapp\x64\debug\openglcourseapp.tlog\cl.items.tlog
d:\openglcourse\openglcourseapp\openglcourseapp\x64\debug\openglcourseapp.tlog\cl.read.1.tlog
d:\openglcourse\openglcourseapp\openglcourseapp\x64\debug\openglcourseapp.tlog\cl.write.1.tlog
d:\openglcourse\openglcourseapp\openglcourseapp\x64\debug\openglcourseapp.tlog\link.command.1.tlog
d:\openglcourse\openglcourseapp\openglcourseapp\x64\debug\openglcourseapp.tlog\link.read.1.tlog
d:\openglcourse\openglcourseapp\openglcourseapp\x64\debug\openglcourseapp.tlog\link.write.1.tlog
